SimpleActivityResult/app/build/outputs/logs/manifest-merger-debug-report.txt
-- Merging decision tree log ---
manifest
ADDED from src\main\AndroidManifest.xml:2:1-27:12
INJECTED from src\main\AndroidManifest.xml:2:1-27:12
INJECTED from src\main\AndroidManifest.xml:2:1-27:12
INJECTED from src\main\AndroidManifest.xml:2:1-27:12
INJECTED from src\main\AndroidManifest.xml:2:1-27:12
INJECTED from src\main\AndroidManifest.xml:2:1-27:12
INJECTED from src\main\AndroidManifest.xml:2:1-27:12
	package
		ADDED from src\main\AndroidManifest.xml:4:2-40
		INJECTED from src\main\AndroidManifest.xml
		INJECTED from src\main\AndroidManifest.xml
	android:versionName
		ADDED from src\main\AndroidManifest.xml:6:2-27
		INJECTED from src\main\AndroidManifest.xml
		INJECTED from src\main\AndroidManifest.xml
	xmlns:android
		ADDED from src\main\AndroidManifest.xml:3:2-60
	android:versionCode
		ADDED from src\main\AndroidManifest.xml:5:2-25
		INJECTED from src\main\AndroidManifest.xml
		INJECTED from src\main\AndroidManifest.xml
uses-sdk
ADDED from src\main\AndroidManifest.xml:7:2-8:32
INJECTED from src\main\AndroidManifest.xml:7:2-8:32
INJECTED from src\main\AndroidManifest.xml:7:2-8:32
	android:minSdkVersion
		ADDED from src\main\AndroidManifest.xml:8:3-29
		INJECTED from src\main\AndroidManifest.xml
		INJECTED from src\main\AndroidManifest.xml
application
ADDED from src\main\AndroidManifest.xml:10:2-26:16
	android:label
		ADDED from src\main\AndroidManifest.xml:12:3-35
	android:icon
		ADDED from src\main\AndroidManifest.xml:11:3-32
activity#com.pyo.activity.asyn.simple.SimpleResultRequestActivity
ADDED from src\main\AndroidManifest.xml:13:3-22:14
	android:label
		ADDED from src\main\AndroidManifest.xml:15:4-36
	android:name
		ADDED from src\main\AndroidManifest.xml:14:4-47
intent-filter#android.intent.action.MAIN+android.intent.category.LAUNCHER
ADDED from src\main\AndroidManifest.xml:16:4-21:20
action#android.intent.action.MAIN
ADDED from src\main\AndroidManifest.xml:17:5-18:50
	android:name
		ADDED from src\main\AndroidManifest.xml:18:6-47
category#android.intent.category.LAUNCHER
ADDED from src\main\AndroidManifest.xml:19:5-20:56
	android:name
		ADDED from src\main\AndroidManifest.xml:20:6-53
activity#com.pyo.activity.asyn.simple.ResponseActivityResult
ADDED from src\main\AndroidManifest.xml:23:3-24:44
	android:name
		ADDED from src\main\AndroidManifest.xml:24:4-41